Using pre-set license
Built from '6000.0/staging' branch; Version is '6000.0.28f1 (f336aca0cab5) revision 15939244'; Using compiler version '193933523'; Build Type 'Release'
OS: 'Windows 10  (10.0.19045) 64bit Enterprise' Language: 'ja' Physical Memory: 32452 MB
BatchMode: 1, IsHumanControllingUs: 0, StartBugReporterOnCrash: 0, Is64bit: 1, IsPro: 1

COMMAND LINE ARGUMENTS:
C:\Program Files\Unity\Hub\Editor\6000.0.28f1\Editor\Unity.exe
-adb2
-batchMode
-noUpm
-name
AssetImportWorker0
-projectPath
D:/home/unity/Match3Puzzle_first
-logFile
Logs/AssetImportWorker0.log
-srvPort
51699
-job-worker-count
11
-background-job-worker-count
8
-asset-garbage-collectors
1
Successfully changed project path to: D:/home/unity/Match3Puzzle_first
D:/home/unity/Match3Puzzle_first
[UnityMemory] Configuration Parameters - Can be set up in boot.config
    "memorysetup-bucket-allocator-granularity=16"
    "memorysetup-bucket-allocator-bucket-count=8"
    "memorysetup-bucket-allocator-block-size=33554432"
    "memorysetup-bucket-allocator-block-count=8"
    "memorysetup-main-allocator-block-size=16777216"
    "memorysetup-thread-allocator-block-size=16777216"
    "memorysetup-gfx-main-allocator-block-size=16777216"
    "memorysetup-gfx-thread-allocator-block-size=16777216"
    "memorysetup-cache-allocator-block-size=4194304"
    "memorysetup-typetree-allocator-block-size=2097152"
    "memorysetup-profiler-bucket-allocator-granularity=16"
    "memorysetup-profiler-bucket-allocator-bucket-count=8"
    "memorysetup-profiler-bucket-allocator-block-size=33554432"
    "memorysetup-profiler-bucket-allocator-block-count=8"
    "memorysetup-profiler-allocator-block-size=16777216"
    "memorysetup-profiler-editor-allocator-block-size=1048576"
    "memorysetup-temp-allocator-size-main=16777216"
    "memorysetup-job-temp-allocator-block-size=2097152"
    "memorysetup-job-temp-allocator-block-size-background=1048576"
    "memorysetup-job-temp-allocator-reduction-small-platforms=262144"
    "memorysetup-allocator-temp-initial-block-size-main=262144"
    "memorysetup-allocator-temp-initial-block-size-worker=262144"
    "memorysetup-temp-allocator-size-background-worker=32768"
    "memorysetup-temp-allocator-size-job-worker=262144"
    "memorysetup-temp-allocator-size-preload-manager=33554432"
    "memorysetup-temp-allocator-size-nav-mesh-worker=65536"
    "memorysetup-temp-allocator-size-audio-worker=65536"
    "memorysetup-temp-allocator-size-cloud-worker=32768"
    "memorysetup-temp-allocator-size-gi-baking-worker=262144"
    "memorysetup-temp-allocator-size-gi-baking-worker=262144"
    "memorysetup-temp-allocator-size-gi-baking-worker=262144"
    "memorysetup-temp-allocator-size-gi-baking-worker=262144"
    "memorysetup-temp-allocator-size-gi-baking-worker=262144"
    "memorysetup-temp-allocator-size-gfx=262144"
Player connection [15192]  Target information:

Player connection [15192]  * "[IP] 172.27.87.83 [Port] 0 [Flags] 2 [Guid] 2471230421 [EditorId] 2471230421 [Version] 1048832 [Id] WindowsEditor(7,note-hirai) [Debug] 1 [PackageName] WindowsEditor [ProjectName] Editor" 

Player connection [15192]  * "[IP] 172.28.128.1 [Port] 0 [Flags] 2 [Guid] 2471230421 [EditorId] 2471230421 [Version] 1048832 [Id] WindowsEditor(7,note-hirai) [Debug] 1 [PackageName] WindowsEditor [ProjectName] Editor" 

Player connection [15192] Host joined multi-casting on [225.0.0.222:54997]...
Player connection [15192] Host joined alternative multi-casting on [225.0.0.222:34997]...
JobSystem: Creating JobQueue using job-worker-count value 11
[Physics::Module] Initialized fallback backend.
[Physics::Module] Id: 0xdecafbad
Library Redirect Path: Library/
[Physics::Module] Selected backend.
[Physics::Module] Name: PhysX
[Physics::Module] Id: 0xf2b8ea05
[Physics::Module] SDK Version: 4.1.2
[Physics::Module] Integration Version: 1.0.0
[Physics::Module] Threading Mode: Multi-Threaded
Refreshing native plugins compatible for Editor in 4.98 ms, found 4 plugins.
Preloading 0 native plugins for Editor in 0.00 ms.
Initialize engine version: 6000.0.28f1 (f336aca0cab5)
[Subsystems] Discovering subsystems at path C:/Program Files/Unity/Hub/Editor/6000.0.28f1/Editor/Data/Resources/UnitySubsystems
[Subsystems] Discovering subsystems at path D:/home/unity/Match3Puzzle_first/Assets
GfxDevice: creating device client; kGfxThreadingModeNonThreaded
Direct3D:
    Version:  Direct3D 11.0 [level 11.1]
    Renderer: NVIDIA GeForce RTX 3080 Ti Laptop GPU (ID=0x2420)
    Vendor:   NVIDIA
    VRAM:     16175 MB
    Driver:   31.0.15.5186
Initialize mono
Mono path[0] = 'C:/Program Files/Unity/Hub/Editor/6000.0.28f1/Editor/Data/Managed'
Mono path[1] = 'C:/Program Files/Unity/Hub/Editor/6000.0.28f1/Editor/Data/MonoBleedingEdge/lib/mono/unityjit-win32'
Mono config path = 'C:/Program Files/Unity/Hub/Editor/6000.0.28f1/Editor/Data/MonoBleedingEdge/etc'
Using monoOptions --debugger-agent=transport=dt_socket,embedding=1,server=y,suspend=n,address=127.0.0.1:56720
Begin MonoManager ReloadAssembly
Registering precompiled unity dll's ...
Register platform support module: C:/Program Files/Unity/Hub/Editor/6000.0.28f1/Editor/Data/PlaybackEngines/WebGLSupport/UnityEditor.WebGL.Extensions.dll
Register platform support module: C:/Program Files/Unity/Hub/Editor/6000.0.28f1/Editor/Data/PlaybackEngines/WindowsStandaloneSupport/UnityEditor.WindowsStandalone.Extensions.dll
Registered in 0.003789 seconds.
- Loaded All Assemblies, in  0.436 seconds
Native extension for WindowsStandalone target not found
Native extension for WebGL target not found
Mono: successfully reloaded assembly
- Finished resetting the current domain, in  0.398 seconds
Domain Reload Profiling: 832ms
	BeginReloadAssembly (158ms)
		ExecutionOrderSort (0ms)
		DisableScriptedObjects (0ms)
		BackupInstance (0ms)
		ReleaseScriptingObjects (0ms)
		CreateAndSetChildDomain (1ms)
	RebuildCommonClasses (35ms)
	RebuildNativeTypeToScriptingClass (9ms)
	initialDomainReloadingComplete (42ms)
	LoadAllAssembliesAndSetupDomain (190ms)
		LoadAssemblies (152ms)
		RebuildTransferFunctionScriptingTraits (0ms)
		AnalyzeDomain (187ms)
			TypeCache.Refresh (185ms)
				TypeCache.ScanAssembly (170ms)
			BuildScriptInfoCaches (0ms)
			ResolveRequiredComponents (1ms)
	FinalizeReload (399ms)
		ReleaseScriptCaches (0ms)
		RebuildScriptCaches (0ms)
		SetupLoadedEditorAssemblies (341ms)
			LogAssemblyErrors (0ms)
			InitializePlatformSupportModulesInManaged (40ms)
			SetLoadedEditorAssemblies (6ms)
			BeforeProcessingInitializeOnLoad (8ms)
			ProcessInitializeOnLoadAttributes (211ms)
			ProcessInitializeOnLoadMethodAttributes (72ms)
			AfterProcessingInitializeOnLoad (3ms)
			EditorAssembliesLoaded (0ms)
		ExecutionOrderSort2 (0ms)
		AwakeInstancesAfterBackupRestoration (0ms)
========================================================================
Worker process is ready to serve import requests
Import Worker Mode flag is 0x00
Begin MonoManager ReloadAssembly
- Loaded All Assemblies, in  1.244 seconds
Refreshing native plugins compatible for Editor in 2.62 ms, found 4 plugins.
Native extension for WindowsStandalone target not found
Native extension for WebGL target not found
Mono: successfully reloaded assembly
- Finished resetting the current domain, in  1.205 seconds
Domain Reload Profiling: 2443ms
	BeginReloadAssembly (612ms)
		ExecutionOrderSort (0ms)
		DisableScriptedObjects (8ms)
		BackupInstance (0ms)
		ReleaseScriptingObjects (0ms)
		CreateAndSetChildDomain (33ms)
	RebuildCommonClasses (27ms)
	RebuildNativeTypeToScriptingClass (9ms)
	initialDomainReloadingComplete (47ms)
	LoadAllAssembliesAndSetupDomain (542ms)
		LoadAssemblies (408ms)
		RebuildTransferFunctionScriptingTraits (0ms)
		AnalyzeDomain (267ms)
			TypeCache.Refresh (150ms)
				TypeCache.ScanAssembly (136ms)
			BuildScriptInfoCaches (101ms)
			ResolveRequiredComponents (13ms)
	FinalizeReload (1205ms)
		ReleaseScriptCaches (0ms)
		RebuildScriptCaches (0ms)
		SetupLoadedEditorAssemblies (861ms)
			LogAssemblyErrors (0ms)
			InitializePlatformSupportModulesInManaged (5ms)
			SetLoadedEditorAssemblies (4ms)
			BeforeProcessingInitializeOnLoad (88ms)
			ProcessInitializeOnLoadAttributes (574ms)
			ProcessInitializeOnLoadMethodAttributes (176ms)
			AfterProcessingInitializeOnLoad (14ms)
			EditorAssembliesLoaded (0ms)
		ExecutionOrderSort2 (0ms)
		AwakeInstancesAfterBackupRestoration (15ms)
Launched and connected shader compiler UnityShaderCompiler.exe after 0.03 seconds
Refreshing native plugins compatible for Editor in 3.19 ms, found 4 plugins.
Preloading 0 native plugins for Editor in 0.00 ms.
Unloading 206 Unused Serialized files (Serialized files now loaded: 0)
Unloading 6523 unused Assets / (4.3 MB). Loaded Objects now: 7301.
Memory consumption went from 200.3 MB to 196.0 MB.
Total: 11.069800 ms (FindLiveObjects: 0.859500 ms CreateObjectMapping: 0.573900 ms MarkObjects: 7.176500 ms  DeleteObjects: 2.457900 ms)

========================================================================
Received Import Request.
  Time since last request: 2770249.476316 seconds.
  path: Assets/UniversalRenderPipelineGlobalSettings.asset
  artifactKey: Guid(93b439a37f63240aca3dd4e01d978a9f) Importer(815301076,1909f56bfc062723c751e8b465ee728b)
Start importing Assets/UniversalRenderPipelineGlobalSettings.asset using Guid(93b439a37f63240aca3dd4e01d978a9f) Importer(815301076,1909f56bfc062723c751e8b465ee728b) (PreviewImporter) -> (artifact id: 'a2dce915d45f31430f8bdd657da3ac60') in 0.0225518 seconds
Number of updated asset objects reloaded before import = 0Number of asset objects unloaded after import = 0

========================================================================
Received Import Request.
  Time since last request: 21.753781 seconds.
  path: Assets/Scenes
  artifactKey: Guid(1555adb1896a4b2419840a48ab5ebb76) Importer(815301076,1909f56bfc062723c751e8b465ee728b)
Start importing Assets/Scenes using Guid(1555adb1896a4b2419840a48ab5ebb76) Importer(815301076,1909f56bfc062723c751e8b465ee728b) (PreviewImporter) -> (artifact id: '7721acf6466fe98a583d839f33bb406f') in 0.0012915 seconds
Number of updated asset objects reloaded before import = 0Number of asset objects unloaded after import = 0

========================================================================
Received Import Request.
  Time since last request: 50.784578 seconds.
  path: Assets/Scenes/Match3Scene.unity
  artifactKey: Guid(ad799588b3915474596adb7a161ea016) Importer(815301076,1909f56bfc062723c751e8b465ee728b)
Start importing Assets/Scenes/Match3Scene.unity using Guid(ad799588b3915474596adb7a161ea016) Importer(815301076,1909f56bfc062723c751e8b465ee728b) (PreviewImporter) -> (artifact id: '625deb5b61b7eb35eeedfe9733a3bbad') in 0.0007803 seconds
Number of updated asset objects reloaded before import = 0Number of asset objects unloaded after import = 0

========================================================================
Received Import Request.
  Time since last request: 345.531423 seconds.
  path: Assets/New Folder
  artifactKey: Guid(928a5fa921eb2d64386777a808567d38) Importer(815301076,1909f56bfc062723c751e8b465ee728b)
Start importing Assets/New Folder using Guid(928a5fa921eb2d64386777a808567d38) Importer(815301076,1909f56bfc062723c751e8b465ee728b) (PreviewImporter) -> (artifact id: 'dd94ec251c3e819f028221bdeee7cced') in 0.0015614 seconds
Number of updated asset objects reloaded before import = 0Number of asset objects unloaded after import = 0

========================================================================
Received Import Request.
  Time since last request: 21.853830 seconds.
  path: Assets/ThemeYoshi
  artifactKey: Guid(928a5fa921eb2d64386777a808567d38) Importer(815301076,1909f56bfc062723c751e8b465ee728b)
Start importing Assets/ThemeYoshi using Guid(928a5fa921eb2d64386777a808567d38) Importer(815301076,1909f56bfc062723c751e8b465ee728b) (PreviewImporter) -> (artifact id: '59ffdc133c54fcda5630311697af78c5') in 0.0006501 seconds
Number of updated asset objects reloaded before import = 0Number of asset objects unloaded after import = 0

========================================================================
Received Import Request.
  Time since last request: 37.279643 seconds.
  path: Assets/ThemeYoshi/Tiles
  artifactKey: Guid(e91831b1a9f74d34aaa6f28b0d25857a) Importer(815301076,1909f56bfc062723c751e8b465ee728b)
Start importing Assets/ThemeYoshi/Tiles using Guid(e91831b1a9f74d34aaa6f28b0d25857a) Importer(815301076,1909f56bfc062723c751e8b465ee728b) (PreviewImporter) -> (artifact id: '755f5fb3f33d1c9eaef011c5714db796') in 0.0016042 seconds
Number of updated asset objects reloaded before import = 0Number of asset objects unloaded after import = 0

========================================================================
Received Import Request.
  Time since last request: 29.271048 seconds.
  path: Assets/ThemeYoshi/Tiles/Rectangular Palette.prefab
  artifactKey: Guid(5fd9dc898898b3f4c84e0115cbc176dd) Importer(815301076,1909f56bfc062723c751e8b465ee728b)
Start importing Assets/ThemeYoshi/Tiles/Rectangular Palette.prefab using Guid(5fd9dc898898b3f4c84e0115cbc176dd) Importer(815301076,1909f56bfc062723c751e8b465ee728b) (PreviewImporter) -> (artifact id: '4fef05fc6bb5cf4758c250e51dc6708a') in 0.6064801 seconds
Number of updated asset objects reloaded before import = 0Number of asset objects unloaded after import = 10

========================================================================
Received Import Request.
  Time since last request: 25.868852 seconds.
  path: Assets/ThemeYoshi/Tiles/GridPalette.prefab
  artifactKey: Guid(5fd9dc898898b3f4c84e0115cbc176dd) Importer(815301076,1909f56bfc062723c751e8b465ee728b)
Start importing Assets/ThemeYoshi/Tiles/GridPalette.prefab using Guid(5fd9dc898898b3f4c84e0115cbc176dd) Importer(815301076,1909f56bfc062723c751e8b465ee728b) (PreviewImporter) -> (artifact id: '4fa5a1c3537920587082431e75e9adf0') in 0.0081824 seconds
Number of updated asset objects reloaded before import = 0Number of asset objects unloaded after import = 10

========================================================================
Received Import Request.
  Time since last request: 1442.528730 seconds.
  path: Assets/ThemeYoshi/UrbanTheme.png
  artifactKey: Guid(200e547bbf76e524a874494ae5579225) Importer(815301076,1909f56bfc062723c751e8b465ee728b)
Start importing Assets/ThemeYoshi/UrbanTheme.png using Guid(200e547bbf76e524a874494ae5579225) Importer(815301076,1909f56bfc062723c751e8b465ee728b) (PreviewImporter) -> (artifact id: '2585e362950ccaab99cd4abadfb6ac25') in 0.3713736 seconds
Number of updated asset objects reloaded before import = 0Number of asset objects unloaded after import = 11

========================================================================
Received Import Request.
  Time since last request: 658.831545 seconds.
  path: Assets/Tiles/GridPalette.prefab
  artifactKey: Guid(d3eeade86155a0a438107d1d3a56060a) Importer(815301076,1909f56bfc062723c751e8b465ee728b)
Start importing Assets/Tiles/GridPalette.prefab using Guid(d3eeade86155a0a438107d1d3a56060a) Importer(815301076,1909f56bfc062723c751e8b465ee728b) (PreviewImporter) -> (artifact id: '43d0599c9a44a77486b40feb5cafbae5') in 0.0171911 seconds
Number of updated asset objects reloaded before import = 0Number of asset objects unloaded after import = 10

========================================================================
Received Prepare
Refreshing native plugins compatible for Editor in 1.98 ms, found 4 plugins.
Preloading 0 native plugins for Editor in 0.00 ms.
Unloading 13 Unused Serialized files (Serialized files now loaded: 0)
Unloading 6511 unused Assets / (4.3 MB). Loaded Objects now: 7447.
Memory consumption went from 173.4 MB to 169.1 MB.
Total: 23.592000 ms (FindLiveObjects: 0.788800 ms CreateObjectMapping: 0.463800 ms MarkObjects: 20.492100 ms  DeleteObjects: 1.845700 ms)

Prepare: number of updated asset objects reloaded= 0
========================================================================
Received Prepare
Begin MonoManager ReloadAssembly
- Loaded All Assemblies, in  1.160 seconds
Refreshing native plugins compatible for Editor in 2.67 ms, found 4 plugins.
Native extension for WindowsStandalone target not found
Native extension for WebGL target not found
Mono: successfully reloaded assembly
- Finished resetting the current domain, in  0.969 seconds
Domain Reload Profiling: 2127ms
	BeginReloadAssembly (390ms)
		ExecutionOrderSort (0ms)
		DisableScriptedObjects (29ms)
		BackupInstance (0ms)
		ReleaseScriptingObjects (0ms)
		CreateAndSetChildDomain (125ms)
	RebuildCommonClasses (46ms)
	RebuildNativeTypeToScriptingClass (17ms)
	initialDomainReloadingComplete (44ms)
	LoadAllAssembliesAndSetupDomain (661ms)
		LoadAssemblies (578ms)
		RebuildTransferFunctionScriptingTraits (0ms)
		AnalyzeDomain (271ms)
			TypeCache.Refresh (13ms)
				TypeCache.ScanAssembly (0ms)
			BuildScriptInfoCaches (238ms)
			ResolveRequiredComponents (13ms)
	FinalizeReload (969ms)
		ReleaseScriptCaches (0ms)
		RebuildScriptCaches (0ms)
		SetupLoadedEditorAssemblies (583ms)
			LogAssemblyErrors (0ms)
			InitializePlatformSupportModulesInManaged (3ms)
			SetLoadedEditorAssemblies (3ms)
			BeforeProcessingInitializeOnLoad (49ms)
			ProcessInitializeOnLoadAttributes (431ms)
			ProcessInitializeOnLoadMethodAttributes (79ms)
			AfterProcessingInitializeOnLoad (18ms)
			EditorAssembliesLoaded (0ms)
		ExecutionOrderSort2 (0ms)
		AwakeInstancesAfterBackupRestoration (26ms)
Refreshing native plugins compatible for Editor in 2.65 ms, found 4 plugins.
Preloading 0 native plugins for Editor in 0.00 ms.
Unloading 13 Unused Serialized files (Serialized files now loaded: 0)
Unloading 6522 unused Assets / (3.0 MB). Loaded Objects now: 7348.
Memory consumption went from 172.5 MB to 169.5 MB.
Total: 8.274600 ms (FindLiveObjects: 0.996400 ms CreateObjectMapping: 0.952200 ms MarkObjects: 4.888200 ms  DeleteObjects: 1.435800 ms)

Prepare: number of updated asset objects reloaded= 0
========================================================================
Received Import Request.
  Time since last request: 3240.925972 seconds.
  path: Assets/Scripts/GridManager.cs
  artifactKey: Guid(62b891a099a26c046bc4143541b98538) Importer(815301076,1909f56bfc062723c751e8b465ee728b)
Start importing Assets/Scripts/GridManager.cs using Guid(62b891a099a26c046bc4143541b98538) Importer(815301076,1909f56bfc062723c751e8b465ee728b) (PreviewImporter) -> (artifact id: 'c830f180fe868198ec9d259130c1c44b') in 0.0195388 seconds
Number of updated asset objects reloaded before import = 0Number of asset objects unloaded after import = 0

========================================================================
Received Prepare
Begin MonoManager ReloadAssembly
- Loaded All Assemblies, in  0.975 seconds
Refreshing native plugins compatible for Editor in 1.35 ms, found 4 plugins.
Native extension for WindowsStandalone target not found
Native extension for WebGL target not found
Mono: successfully reloaded assembly
- Finished resetting the current domain, in  0.935 seconds
Domain Reload Profiling: 1908ms
	BeginReloadAssembly (323ms)
		ExecutionOrderSort (0ms)
		DisableScriptedObjects (21ms)
		BackupInstance (0ms)
		ReleaseScriptingObjects (0ms)
		CreateAndSetChildDomain (89ms)
	RebuildCommonClasses (45ms)
	RebuildNativeTypeToScriptingClass (17ms)
	initialDomainReloadingComplete (39ms)
	LoadAllAssembliesAndSetupDomain (549ms)
		LoadAssemblies (433ms)
		RebuildTransferFunctionScriptingTraits (0ms)
		AnalyzeDomain (276ms)
			TypeCache.Refresh (11ms)
				TypeCache.ScanAssembly (0ms)
			BuildScriptInfoCaches (248ms)
			ResolveRequiredComponents (13ms)
	FinalizeReload (936ms)
		ReleaseScriptCaches (0ms)
		RebuildScriptCaches (0ms)
		SetupLoadedEditorAssemblies (644ms)
			LogAssemblyErrors (0ms)
			InitializePlatformSupportModulesInManaged (3ms)
			SetLoadedEditorAssemblies (3ms)
			BeforeProcessingInitializeOnLoad (60ms)
			ProcessInitializeOnLoadAttributes (467ms)
			ProcessInitializeOnLoadMethodAttributes (98ms)
			AfterProcessingInitializeOnLoad (14ms)
			EditorAssembliesLoaded (0ms)
		ExecutionOrderSort2 (0ms)
		AwakeInstancesAfterBackupRestoration (22ms)
Refreshing native plugins compatible for Editor in 3.19 ms, found 4 plugins.
Preloading 0 native plugins for Editor in 0.00 ms.
Unloading 13 Unused Serialized files (Serialized files now loaded: 0)
Unloading 6522 unused Assets / (4.1 MB). Loaded Objects now: 7350.
Memory consumption went from 172.4 MB to 168.3 MB.
Total: 10.313100 ms (FindLiveObjects: 0.861200 ms CreateObjectMapping: 0.509800 ms MarkObjects: 6.645700 ms  DeleteObjects: 2.294600 ms)

Prepare: number of updated asset objects reloaded= 0
========================================================================
Received Import Request.
  Time since last request: 361.638230 seconds.
  path: Assets/Scripts/GridManager.cs
  artifactKey: Guid(62b891a099a26c046bc4143541b98538) Importer(815301076,1909f56bfc062723c751e8b465ee728b)
Start importing Assets/Scripts/GridManager.cs using Guid(62b891a099a26c046bc4143541b98538) Importer(815301076,1909f56bfc062723c751e8b465ee728b) (PreviewImporter) -> (artifact id: '4c29732a92aff698d3aa5eca219de46f') in 0.0059386 seconds
Number of updated asset objects reloaded before import = 0Number of asset objects unloaded after import = 0

========================================================================
Received Prepare
Begin MonoManager ReloadAssembly
- Loaded All Assemblies, in  0.805 seconds
Refreshing native plugins compatible for Editor in 2.97 ms, found 4 plugins.
Native extension for WindowsStandalone target not found
Native extension for WebGL target not found
Mono: successfully reloaded assembly
- Finished resetting the current domain, in  1.252 seconds
Domain Reload Profiling: 2059ms
	BeginReloadAssembly (248ms)
		ExecutionOrderSort (0ms)
		DisableScriptedObjects (23ms)
		BackupInstance (0ms)
		ReleaseScriptingObjects (0ms)
		CreateAndSetChildDomain (43ms)
	RebuildCommonClasses (27ms)
	RebuildNativeTypeToScriptingClass (17ms)
	initialDomainReloadingComplete (36ms)
	LoadAllAssembliesAndSetupDomain (478ms)
		LoadAssemblies (368ms)
		RebuildTransferFunctionScriptingTraits (0ms)
		AnalyzeDomain (241ms)
			TypeCache.Refresh (6ms)
				TypeCache.ScanAssembly (0ms)
			BuildScriptInfoCaches (219ms)
			ResolveRequiredComponents (13ms)
	FinalizeReload (1253ms)
		ReleaseScriptCaches (0ms)
		RebuildScriptCaches (0ms)
		SetupLoadedEditorAssemblies (828ms)
			LogAssemblyErrors (0ms)
			InitializePlatformSupportModulesInManaged (5ms)
			SetLoadedEditorAssemblies (5ms)
			BeforeProcessingInitializeOnLoad (84ms)
			ProcessInitializeOnLoadAttributes (629ms)
			ProcessInitializeOnLoadMethodAttributes (89ms)
			AfterProcessingInitializeOnLoad (16ms)
			EditorAssembliesLoaded (0ms)
		ExecutionOrderSort2 (0ms)
		AwakeInstancesAfterBackupRestoration (28ms)
Refreshing native plugins compatible for Editor in 3.00 ms, found 4 plugins.
Preloading 0 native plugins for Editor in 0.00 ms.
Unloading 13 Unused Serialized files (Serialized files now loaded: 0)
Unloading 6522 unused Assets / (4.2 MB). Loaded Objects now: 7352.
Memory consumption went from 172.4 MB to 168.1 MB.
Total: 10.568000 ms (FindLiveObjects: 0.979700 ms CreateObjectMapping: 0.521100 ms MarkObjects: 6.488000 ms  DeleteObjects: 2.576800 ms)

Prepare: number of updated asset objects reloaded= 0
========================================================================
Received Import Request.
  Time since last request: 1639.715030 seconds.
  path: Assets/ThemeYoshi/Tiles
  artifactKey: Guid(16d8964053d919f46989bd77ebc509ba) Importer(815301076,1909f56bfc062723c751e8b465ee728b)
Start importing Assets/ThemeYoshi/Tiles using Guid(16d8964053d919f46989bd77ebc509ba) Importer(815301076,1909f56bfc062723c751e8b465ee728b) (PreviewImporter) -> (artifact id: 'c2c4deeb9aedaa80802cfef6f57790a5') in 0.0066311 seconds
Number of updated asset objects reloaded before import = 0Number of asset objects unloaded after import = 0

========================================================================
Received Import Request.
  Time since last request: 20.209096 seconds.
  path: Assets/ThemeYoshi/Tiles/GridPalette 1.prefab
  artifactKey: Guid(08acd377b9b24954e935a934c345a23f) Importer(815301076,1909f56bfc062723c751e8b465ee728b)
Start importing Assets/ThemeYoshi/Tiles/GridPalette 1.prefab using Guid(08acd377b9b24954e935a934c345a23f) Importer(815301076,1909f56bfc062723c751e8b465ee728b) (PreviewImporter) -> (artifact id: '2f035dac73e2fc565a9221ac56270576') in 0.5402447 seconds
Number of updated asset objects reloaded before import = 0Number of asset objects unloaded after import = 10

========================================================================
Received Import Request.
  Time since last request: 10.321257 seconds.
  path: Assets/ThemeYoshi/Tiles/UrbanTheme_0.controller
  artifactKey: Guid(d8cc3ac3fbca8f7419177c60046d5983) Importer(815301076,1909f56bfc062723c751e8b465ee728b)
Start importing Assets/ThemeYoshi/Tiles/UrbanTheme_0.controller using Guid(d8cc3ac3fbca8f7419177c60046d5983) Importer(815301076,1909f56bfc062723c751e8b465ee728b) (PreviewImporter) -> (artifact id: 'a0585dd58feabb4c016abfeab3bf654a') in 0.0029786 seconds
Number of updated asset objects reloaded before import = 0Number of asset objects unloaded after import = 4

========================================================================
Received Import Request.
  Time since last request: 2.773629 seconds.
  path: Assets/ThemeYoshi/Tiles/GridPalette 2.prefab
  artifactKey: Guid(404d0149a27432e4d8c0232255387111) Importer(815301076,1909f56bfc062723c751e8b465ee728b)
Start importing Assets/ThemeYoshi/Tiles/GridPalette 2.prefab using Guid(404d0149a27432e4d8c0232255387111) Importer(815301076,1909f56bfc062723c751e8b465ee728b) (PreviewImporter) -> (artifact id: '39a23469cd7c0397af49941595fa90ef') in 0.0088473 seconds
Number of updated asset objects reloaded before import = 0Number of asset objects unloaded after import = 10

========================================================================
Received Import Request.
  Time since last request: 10.580044 seconds.
  path: Assets/ThemeYoshi/Tiles/New Animation 2.anim
  artifactKey: Guid(aed64e2979e40d240857ff1faa7511e8) Importer(815301076,1909f56bfc062723c751e8b465ee728b)
Start importing Assets/ThemeYoshi/Tiles/New Animation 2.anim using Guid(aed64e2979e40d240857ff1faa7511e8) Importer(815301076,1909f56bfc062723c751e8b465ee728b) (PreviewImporter) -> (artifact id: '440146672b55216ca02268cf7c6998c7') in 0.0018471 seconds
Number of updated asset objects reloaded before import = 0Number of asset objects unloaded after import = 1

========================================================================
Received Import Request.
  Time since last request: 6.014517 seconds.
  path: Assets/ThemeYoshi/Tiles/New Animation.anim
  artifactKey: Guid(c1b7fb51700d23a4aae82c8ffa8aedd1) Importer(815301076,1909f56bfc062723c751e8b465ee728b)
Start importing Assets/ThemeYoshi/Tiles/New Animation.anim using Guid(c1b7fb51700d23a4aae82c8ffa8aedd1) Importer(815301076,1909f56bfc062723c751e8b465ee728b) (PreviewImporter) -> (artifact id: '145aea4151309b3a04eb0454e515136e') in 0.0015955 seconds
Number of updated asset objects reloaded before import = 0Number of asset objects unloaded after import = 1

========================================================================
Received Import Request.
  Time since last request: 7.581131 seconds.
  path: Assets/ThemeYoshi/Tiles/New Animation 1.anim
  artifactKey: Guid(2b257980a4e3e6b43af6bb49a6ea3c34) Importer(815301076,1909f56bfc062723c751e8b465ee728b)
Start importing Assets/ThemeYoshi/Tiles/New Animation 1.anim using Guid(2b257980a4e3e6b43af6bb49a6ea3c34) Importer(815301076,1909f56bfc062723c751e8b465ee728b) (PreviewImporter) -> (artifact id: 'a84dd69933c4344d3e56d70414720855') in 0.0017374 seconds
Number of updated asset objects reloaded before import = 0Number of asset objects unloaded after import = 1

========================================================================
Received Import Request.
  Time since last request: 82.926851 seconds.
  path: Assets/ThemeYoshi/Tiles/GridPalette.prefab
  artifactKey: Guid(d3eeade86155a0a438107d1d3a56060a) Importer(815301076,1909f56bfc062723c751e8b465ee728b)
Start importing Assets/ThemeYoshi/Tiles/GridPalette.prefab using Guid(d3eeade86155a0a438107d1d3a56060a) Importer(815301076,1909f56bfc062723c751e8b465ee728b) (PreviewImporter) -> (artifact id: '61045506b4deb5152f1e5cfca2a97622') in 0.0564578 seconds
Number of updated asset objects reloaded before import = 0Number of asset objects unloaded after import = 10

========================================================================
Received Import Request.
  Time since last request: 289.607101 seconds.
  path: Assets/ThemeYoshi/UrbanTheme.png
  artifactKey: Guid(fbe1e7b94bb1a4a099d5bcb15a00141c) Importer(815301076,1909f56bfc062723c751e8b465ee728b)
Start importing Assets/ThemeYoshi/UrbanTheme.png using Guid(fbe1e7b94bb1a4a099d5bcb15a00141c) Importer(815301076,1909f56bfc062723c751e8b465ee728b) (PreviewImporter) -> (artifact id: '427c407f8221c2f8be7c1ea73c818331') in 0.1590567 seconds
Number of updated asset objects reloaded before import = 0Number of asset objects unloaded after import = 58

========================================================================
Received Import Request.
  Time since last request: 165.459305 seconds.
  path: Assets/ThemeYoshi/Tiles/GridPalette.prefab
  artifactKey: Guid(d3eeade86155a0a438107d1d3a56060a) Importer(815301076,1909f56bfc062723c751e8b465ee728b)
Start importing Assets/ThemeYoshi/Tiles/GridPalette.prefab using Guid(d3eeade86155a0a438107d1d3a56060a) Importer(815301076,1909f56bfc062723c751e8b465ee728b) (PreviewImporter) -> (artifact id: '25323cc1f31f4f3fd21d9a95f090802a') in 0.0568177 seconds
Number of updated asset objects reloaded before import = 0Number of asset objects unloaded after import = 123

========================================================================
Received Import Request.
  Time since last request: 0.165080 seconds.
  path: Assets/ThemeYoshi/Tiles/Scavengers_SpriteSheet_1.asset
  artifactKey: Guid(d79e85e4f76ec11438f2417ba3f7e7a2) Importer(815301076,1909f56bfc062723c751e8b465ee728b)
Start importing Assets/ThemeYoshi/Tiles/Scavengers_SpriteSheet_1.asset using Guid(d79e85e4f76ec11438f2417ba3f7e7a2) Importer(815301076,1909f56bfc062723c751e8b465ee728b) (PreviewImporter) -> (artifact id: '18c71fe9cf9d59ca3991c72066b3a227') in 0.0767649 seconds
Number of updated asset objects reloaded before import = 0Number of asset objects unloaded after import = 3

========================================================================
Received Import Request.
  Time since last request: 0.000030 seconds.
  path: Assets/ThemeYoshi/Tiles/Scavengers_SpriteSheet_26.asset
  artifactKey: Guid(d2725e93de5ee9e4d910718d2ec182e7) Importer(815301076,1909f56bfc062723c751e8b465ee728b)
Start importing Assets/ThemeYoshi/Tiles/Scavengers_SpriteSheet_26.asset using Guid(d2725e93de5ee9e4d910718d2ec182e7) Importer(815301076,1909f56bfc062723c751e8b465ee728b) (PreviewImporter) -> (artifact id: 'c059b15d83a8e3e2159b20ffc5ef792f') in 0.0110647 seconds
Number of updated asset objects reloaded before import = 0Number of asset objects unloaded after import = 3

========================================================================
Received Import Request.
  Time since last request: 0.000043 seconds.
  path: Assets/ThemeYoshi/Tiles/Scavengers_SpriteSheet_50.asset
  artifactKey: Guid(21173352c290c53459204e3641028c87) Importer(815301076,1909f56bfc062723c751e8b465ee728b)
Start importing Assets/ThemeYoshi/Tiles/Scavengers_SpriteSheet_50.asset using Guid(21173352c290c53459204e3641028c87) Importer(815301076,1909f56bfc062723c751e8b465ee728b) (PreviewImporter) -> (artifact id: 'de22f4bd3144fcfaed5034f0e279ec6c') in 0.0074899 seconds
Number of updated asset objects reloaded before import = 0Number of asset objects unloaded after import = 3

========================================================================
Received Import Request.
  Time since last request: 0.000022 seconds.
  path: Assets/ThemeYoshi/Tiles/Scavengers_SpriteSheet_30.asset
  artifactKey: Guid(082fa50b05390df4e98a4c09b2bde3fc) Importer(815301076,1909f56bfc062723c751e8b465ee728b)
Start importing Assets/ThemeYoshi/Tiles/Scavengers_SpriteSheet_30.asset using Guid(082fa50b05390df4e98a4c09b2bde3fc) Importer(815301076,1909f56bfc062723c751e8b465ee728b) (PreviewImporter) -> (artifact id: 'ff0a74aed478bbe1ed5178fa43459557') in 0.0089198 seconds
Number of updated asset objects reloaded before import = 0Number of asset objects unloaded after import = 3

========================================================================
Received Import Request.
  Time since last request: 0.000027 seconds.
  path: Assets/ThemeYoshi/Tiles/Scavengers_SpriteSheet_48.asset
  artifactKey: Guid(42c196cc6bad43c4abc647ed46d6f440) Importer(815301076,1909f56bfc062723c751e8b465ee728b)
Start importing Assets/ThemeYoshi/Tiles/Scavengers_SpriteSheet_48.asset using Guid(42c196cc6bad43c4abc647ed46d6f440) Importer(815301076,1909f56bfc062723c751e8b465ee728b) (PreviewImporter) -> (artifact id: '6daf2e5c6d5dd7ec6a08a49a04fec714') in 0.0099425 seconds
Number of updated asset objects reloaded before import = 0Number of asset objects unloaded after import = 3

========================================================================
Received Import Request.
  Time since last request: 0.000029 seconds.
  path: Assets/ThemeYoshi/Tiles/Scavengers_SpriteSheet_41.asset
  artifactKey: Guid(ee48aafcd835c7d4ea6c134794fd59bb) Importer(815301076,1909f56bfc062723c751e8b465ee728b)
Start importing Assets/ThemeYoshi/Tiles/Scavengers_SpriteSheet_41.asset using Guid(ee48aafcd835c7d4ea6c134794fd59bb) Importer(815301076,1909f56bfc062723c751e8b465ee728b) (PreviewImporter) -> (artifact id: '1c81003eaa862a39675113f7f98de9ed') in 0.0102859 seconds
Number of updated asset objects reloaded before import = 0Number of asset objects unloaded after import = 3

========================================================================
Received Import Request.
  Time since last request: 0.000031 seconds.
  path: Assets/ThemeYoshi/Tiles/Scavengers_SpriteSheet_45.asset
  artifactKey: Guid(04c0e4882b4d8234a976917ea8d8da65) Importer(815301076,1909f56bfc062723c751e8b465ee728b)
Start importing Assets/ThemeYoshi/Tiles/Scavengers_SpriteSheet_45.asset using Guid(04c0e4882b4d8234a976917ea8d8da65) Importer(815301076,1909f56bfc062723c751e8b465ee728b) (PreviewImporter) -> (artifact id: '15eca9a23ca13a1a8c05b06e5c401c33') in 0.0078334 seconds
Number of updated asset objects reloaded before import = 0Number of asset objects unloaded after import = 3

========================================================================
Received Import Request.
  Time since last request: 0.000041 seconds.
  path: Assets/ThemeYoshi/Tiles/Scavengers_SpriteSheet_49.asset
  artifactKey: Guid(0813823466a7feb4a8dc94aea305686c) Importer(815301076,1909f56bfc062723c751e8b465ee728b)
Start importing Assets/ThemeYoshi/Tiles/Scavengers_SpriteSheet_49.asset using Guid(0813823466a7feb4a8dc94aea305686c) Importer(815301076,1909f56bfc062723c751e8b465ee728b) (PreviewImporter) -> (artifact id: '01247a6ab9b84d141bc0f9771c6df4ca') in 0.0077696 seconds
Number of updated asset objects reloaded before import = 0Number of asset objects unloaded after import = 3

========================================================================
Received Import Request.
  Time since last request: 0.000028 seconds.
  path: Assets/ThemeYoshi/Tiles/Scavengers_SpriteSheet_55.asset
  artifactKey: Guid(9ee58c0894302ff46b72d352e7d339b3) Importer(815301076,1909f56bfc062723c751e8b465ee728b)
Start importing Assets/ThemeYoshi/Tiles/Scavengers_SpriteSheet_55.asset using Guid(9ee58c0894302ff46b72d352e7d339b3) Importer(815301076,1909f56bfc062723c751e8b465ee728b) (PreviewImporter) -> (artifact id: 'd84c022cf1411942ec74bfd25502208b') in 0.0092853 seconds
Number of updated asset objects reloaded before import = 0Number of asset objects unloaded after import = 3

========================================================================
Received Import Request.
  Time since last request: 0.000028 seconds.
  path: Assets/ThemeYoshi/Tiles/Scavengers_SpriteSheet_17.asset
  artifactKey: Guid(b5b6c11205493884e827f910cb7781a0) Importer(815301076,1909f56bfc062723c751e8b465ee728b)
Start importing Assets/ThemeYoshi/Tiles/Scavengers_SpriteSheet_17.asset using Guid(b5b6c11205493884e827f910cb7781a0) Importer(815301076,1909f56bfc062723c751e8b465ee728b) (PreviewImporter) -> (artifact id: '224400710148200d76795434d7b1d0ca') in 0.0088275 seconds
Number of updated asset objects reloaded before import = 0Number of asset objects unloaded after import = 3

========================================================================
Received Import Request.
  Time since last request: 0.000029 seconds.
  path: Assets/ThemeYoshi/Tiles/Scavengers_SpriteSheet_28.asset
  artifactKey: Guid(d8fea7b103d6a154b8e7e7ab8d7d0672) Importer(815301076,1909f56bfc062723c751e8b465ee728b)
Start importing Assets/ThemeYoshi/Tiles/Scavengers_SpriteSheet_28.asset using Guid(d8fea7b103d6a154b8e7e7ab8d7d0672) Importer(815301076,1909f56bfc062723c751e8b465ee728b) (PreviewImporter) -> (artifact id: '1e7a79c6d507047c056dff83eadfdeee') in 0.0073474 seconds
Number of updated asset objects reloaded before import = 0Number of asset objects unloaded after import = 3

========================================================================
Received Import Request.
  Time since last request: 0.000032 seconds.
  path: Assets/ThemeYoshi/Tiles/Scavengers_SpriteSheet_13.asset
  artifactKey: Guid(b0bf9b77caf352e408e5604f692f47eb) Importer(815301076,1909f56bfc062723c751e8b465ee728b)
Start importing Assets/ThemeYoshi/Tiles/Scavengers_SpriteSheet_13.asset using Guid(b0bf9b77caf352e408e5604f692f47eb) Importer(815301076,1909f56bfc062723c751e8b465ee728b) (PreviewImporter) -> (artifact id: '023a68280f0722d36962c05d50675b30') in 0.0078375 seconds
Number of updated asset objects reloaded before import = 0Number of asset objects unloaded after import = 3

========================================================================
Received Import Request.
  Time since last request: 0.000041 seconds.
  path: Assets/ThemeYoshi/Tiles/Scavengers_SpriteSheet_5.asset
  artifactKey: Guid(58385864e50435549a29f4b47ce3a93d) Importer(815301076,1909f56bfc062723c751e8b465ee728b)
Start importing Assets/ThemeYoshi/Tiles/Scavengers_SpriteSheet_5.asset using Guid(58385864e50435549a29f4b47ce3a93d) Importer(815301076,1909f56bfc062723c751e8b465ee728b) (PreviewImporter) -> (artifact id: '730ee05fc52fc2faba34f307b5994225') in 0.0076071 seconds
Number of updated asset objects reloaded before import = 0Number of asset objects unloaded after import = 3

========================================================================
Received Import Request.
  Time since last request: 0.000034 seconds.
  path: Assets/ThemeYoshi/Tiles/Scavengers_SpriteSheet_42.asset
  artifactKey: Guid(c8db55d1bbd52d343b6902bfddbc2942) Importer(815301076,1909f56bfc062723c751e8b465ee728b)
Start importing Assets/ThemeYoshi/Tiles/Scavengers_SpriteSheet_42.asset using Guid(c8db55d1bbd52d343b6902bfddbc2942) Importer(815301076,1909f56bfc062723c751e8b465ee728b) (PreviewImporter) -> (artifact id: 'dfbc83529231afccfe11cb433ddbbbe2') in 0.0081132 seconds
Number of updated asset objects reloaded before import = 0Number of asset objects unloaded after import = 3

========================================================================
Received Import Request.
  Time since last request: 0.000030 seconds.
  path: Assets/ThemeYoshi/Tiles/Scavengers_SpriteSheet_38.asset
  artifactKey: Guid(4631b4c6a9108834abd00e80938b3ea2) Importer(815301076,1909f56bfc062723c751e8b465ee728b)
Start importing Assets/ThemeYoshi/Tiles/Scavengers_SpriteSheet_38.asset using Guid(4631b4c6a9108834abd00e80938b3ea2) Importer(815301076,1909f56bfc062723c751e8b465ee728b) (PreviewImporter) -> (artifact id: '9a0f88d20ac9aaf0fbc203333f96e2f7') in 0.0120156 seconds
Number of updated asset objects reloaded before import = 0Number of asset objects unloaded after import = 3

========================================================================
Received Import Request.
  Time since last request: 0.000029 seconds.
  path: Assets/ThemeYoshi/Tiles/Scavengers_SpriteSheet_24.asset
  artifactKey: Guid(98a7def848b36d84abd9dcf57c63f838) Importer(815301076,1909f56bfc062723c751e8b465ee728b)
Start importing Assets/ThemeYoshi/Tiles/Scavengers_SpriteSheet_24.asset using Guid(98a7def848b36d84abd9dcf57c63f838) Importer(815301076,1909f56bfc062723c751e8b465ee728b) (PreviewImporter) -> (artifact id: 'd589ea5ad2358859c10e50d1993ff182') in 0.0097743 seconds
Number of updated asset objects reloaded before import = 0Number of asset objects unloaded after import = 3

========================================================================
Received Import Request.
  Time since last request: 0.000029 seconds.
  path: Assets/ThemeYoshi/Tiles/Scavengers_SpriteSheet_37.asset
  artifactKey: Guid(c57652ca4b78e934c8614a48e5c8963b) Importer(815301076,1909f56bfc062723c751e8b465ee728b)
Start importing Assets/ThemeYoshi/Tiles/Scavengers_SpriteSheet_37.asset using Guid(c57652ca4b78e934c8614a48e5c8963b) Importer(815301076,1909f56bfc062723c751e8b465ee728b) (PreviewImporter) -> (artifact id: 'e16bb52d9f5c6dd4f8cd5654f913685f') in 0.0081611 seconds
Number of updated asset objects reloaded before import = 0Number of asset objects unloaded after import = 3

========================================================================
Received Import Request.
  Time since last request: 0.000039 seconds.
  path: Assets/ThemeYoshi/Tiles/Scavengers_SpriteSheet_39.asset
  artifactKey: Guid(08b00c40a8828e846a95b53d6eee0317) Importer(815301076,1909f56bfc062723c751e8b465ee728b)
Start importing Assets/ThemeYoshi/Tiles/Scavengers_SpriteSheet_39.asset using Guid(08b00c40a8828e846a95b53d6eee0317) Importer(815301076,1909f56bfc062723c751e8b465ee728b) (PreviewImporter) -> (artifact id: 'b7e6f99bb4205480fcb1173f5e36547e') in 0.0078348 seconds
Number of updated asset objects reloaded before import = 0Number of asset objects unloaded after import = 3

========================================================================
Received Import Request.
  Time since last request: 0.000026 seconds.
  path: Assets/ThemeYoshi/Tiles/Scavengers_SpriteSheet_12.asset
  artifactKey: Guid(a455ce707918b4a4a8fa53fbe12ce96a) Importer(815301076,1909f56bfc062723c751e8b465ee728b)
Start importing Assets/ThemeYoshi/Tiles/Scavengers_SpriteSheet_12.asset using Guid(a455ce707918b4a4a8fa53fbe12ce96a) Importer(815301076,1909f56bfc062723c751e8b465ee728b) (PreviewImporter) -> (artifact id: 'a0b82e797fb22ac4016312f4ca566791') in 0.0084781 seconds
Number of updated asset objects reloaded before import = 0Number of asset objects unloaded after import = 3

========================================================================
Received Import Request.
  Time since last request: 0.000027 seconds.
  path: Assets/ThemeYoshi/Tiles/Scavengers_SpriteSheet_40.asset
  artifactKey: Guid(3db339f175772484fa198035259dc9c0) Importer(815301076,1909f56bfc062723c751e8b465ee728b)
Start importing Assets/ThemeYoshi/Tiles/Scavengers_SpriteSheet_40.asset using Guid(3db339f175772484fa198035259dc9c0) Importer(815301076,1909f56bfc062723c751e8b465ee728b) (PreviewImporter) -> (artifact id: '4eb5a1cc4843da1b04b5d0f22cd8a4ba') in 0.0085005 seconds
Number of updated asset objects reloaded before import = 0Number of asset objects unloaded after import = 3

========================================================================
Received Import Request.
  Time since last request: 0.000029 seconds.
  path: Assets/ThemeYoshi/Tiles/Scavengers_SpriteSheet_15.asset
  artifactKey: Guid(bef70d1e334dd424ab9c43bc0e96006e) Importer(815301076,1909f56bfc062723c751e8b465ee728b)
Start importing Assets/ThemeYoshi/Tiles/Scavengers_SpriteSheet_15.asset using Guid(bef70d1e334dd424ab9c43bc0e96006e) Importer(815301076,1909f56bfc062723c751e8b465ee728b) (PreviewImporter) -> (artifact id: '243f766eb370af49143867f6dbedba79') in 0.007802 seconds
Number of updated asset objects reloaded before import = 0Number of asset objects unloaded after import = 3

========================================================================
Received Import Request.
  Time since last request: 0.000030 seconds.
  path: Assets/ThemeYoshi/Tiles/Scavengers_SpriteSheet_36.asset
  artifactKey: Guid(e5f7ce06bcc61624fb467eadbed750f8) Importer(815301076,1909f56bfc062723c751e8b465ee728b)
Start importing Assets/ThemeYoshi/Tiles/Scavengers_SpriteSheet_36.asset using Guid(e5f7ce06bcc61624fb467eadbed750f8) Importer(815301076,1909f56bfc062723c751e8b465ee728b) (PreviewImporter) -> (artifact id: '997c48fe53f7f6936dd33beccc15c8c7') in 0.0080505 seconds
Number of updated asset objects reloaded before import = 0Number of asset objects unloaded after import = 3

========================================================================
Received Import Request.
  Time since last request: 0.000039 seconds.
  path: Assets/ThemeYoshi/Tiles/Scavengers_SpriteSheet_33.asset
  artifactKey: Guid(f18b2afb5579f8740a474754ed6bf7d1) Importer(815301076,1909f56bfc062723c751e8b465ee728b)
Start importing Assets/ThemeYoshi/Tiles/Scavengers_SpriteSheet_33.asset using Guid(f18b2afb5579f8740a474754ed6bf7d1) Importer(815301076,1909f56bfc062723c751e8b465ee728b) (PreviewImporter) -> (artifact id: 'fec23403458fc68561152e8068d54684') in 0.0076022 seconds
Number of updated asset objects reloaded before import = 0Number of asset objects unloaded after import = 3

========================================================================
Received Import Request.
  Time since last request: 0.000028 seconds.
  path: Assets/ThemeYoshi/Tiles/Scavengers_SpriteSheet_25.asset
  artifactKey: Guid(f649b7f65e3f5d64e9fc66aa9566c9ca) Importer(815301076,1909f56bfc062723c751e8b465ee728b)
Start importing Assets/ThemeYoshi/Tiles/Scavengers_SpriteSheet_25.asset using Guid(f649b7f65e3f5d64e9fc66aa9566c9ca) Importer(815301076,1909f56bfc062723c751e8b465ee728b) (PreviewImporter) -> (artifact id: 'a731d5b25f0c691cb8b225252182da00') in 0.0081586 seconds
Number of updated asset objects reloaded before import = 0Number of asset objects unloaded after import = 3

========================================================================
Received Import Request.
  Time since last request: 0.000030 seconds.
  path: Assets/ThemeYoshi/Tiles/Scavengers_SpriteSheet_35.asset
  artifactKey: Guid(7a43885eaaaf7174297e7d066fdb6be3) Importer(815301076,1909f56bfc062723c751e8b465ee728b)
Start importing Assets/ThemeYoshi/Tiles/Scavengers_SpriteSheet_35.asset using Guid(7a43885eaaaf7174297e7d066fdb6be3) Importer(815301076,1909f56bfc062723c751e8b465ee728b) (PreviewImporter) -> (artifact id: 'ac7cce29ef3e570a607416ccaa691abe') in 0.0093732 seconds
Number of updated asset objects reloaded before import = 0Number of asset objects unloaded after import = 3

========================================================================
Received Import Request.
  Time since last request: 0.000028 seconds.
  path: Assets/ThemeYoshi/Tiles/Scavengers_SpriteSheet_20.asset
  artifactKey: Guid(663b146c0aa1f55409eb50596f582ab4) Importer(815301076,1909f56bfc062723c751e8b465ee728b)
Start importing Assets/ThemeYoshi/Tiles/Scavengers_SpriteSheet_20.asset using Guid(663b146c0aa1f55409eb50596f582ab4) Importer(815301076,1909f56bfc062723c751e8b465ee728b) (PreviewImporter) -> (artifact id: 'b6c8ee77981c19655b2dc5efc2c6e302') in 0.0076029 seconds
Number of updated asset objects reloaded before import = 0Number of asset objects unloaded after import = 3

========================================================================
Received Import Request.
  Time since last request: 0.000031 seconds.
  path: Assets/ThemeYoshi/Tiles/Scavengers_SpriteSheet_32.asset
  artifactKey: Guid(68b32cc1ca6747b4fa4dd578acbe7844) Importer(815301076,1909f56bfc062723c751e8b465ee728b)
Start importing Assets/ThemeYoshi/Tiles/Scavengers_SpriteSheet_32.asset using Guid(68b32cc1ca6747b4fa4dd578acbe7844) Importer(815301076,1909f56bfc062723c751e8b465ee728b) (PreviewImporter) -> (artifact id: '2206ec4ab16bf28d5e7640e80e541928') in 0.0087962 seconds
Number of updated asset objects reloaded before import = 0Number of asset objects unloaded after import = 3

Editor requested this worker to shutdown with reason: Scaling down because of idle timeout
AssetImportWorker is now disconnected from the server
Process exiting
Exiting without the bug reporter. Application will terminate with return code 0