Using pre-set license
Built from '6000.0/staging' branch; Version is '6000.0.28f1 (f336aca0cab5) revision 15939244'; Using compiler version '193933523'; Build Type 'Release'
OS: 'Windows 10  (10.0.19045) 64bit Enterprise' Language: 'ja' Physical Memory: 32452 MB
BatchMode: 1, IsHumanControllingUs: 0, StartBugReporterOnCrash: 0, Is64bit: 1, IsPro: 1

COMMAND LINE ARGUMENTS:
C:\Program Files\Unity\Hub\Editor\6000.0.28f1\Editor\Unity.exe
-adb2
-batchMode
-noUpm
-name
AssetImportWorker1
-projectPath
D:/home/unity/Match3Puzzle_first
-logFile
Logs/AssetImportWorker1.log
-srvPort
51699
-job-worker-count
11
-background-job-worker-count
8
-asset-garbage-collectors
1
Successfully changed project path to: D:/home/unity/Match3Puzzle_first
D:/home/unity/Match3Puzzle_first
[UnityMemory] Configuration Parameters - Can be set up in boot.config
    "memorysetup-bucket-allocator-granularity=16"
    "memorysetup-bucket-allocator-bucket-count=8"
    "memorysetup-bucket-allocator-block-size=33554432"
    "memorysetup-bucket-allocator-block-count=8"
    "memorysetup-main-allocator-block-size=16777216"
    "memorysetup-thread-allocator-block-size=16777216"
    "memorysetup-gfx-main-allocator-block-size=16777216"
    "memorysetup-gfx-thread-allocator-block-size=16777216"
    "memorysetup-cache-allocator-block-size=4194304"
    "memorysetup-typetree-allocator-block-size=2097152"
    "memorysetup-profiler-bucket-allocator-granularity=16"
    "memorysetup-profiler-bucket-allocator-bucket-count=8"
    "memorysetup-profiler-bucket-allocator-block-size=33554432"
    "memorysetup-profiler-bucket-allocator-block-count=8"
    "memorysetup-profiler-allocator-block-size=16777216"
    "memorysetup-profiler-editor-allocator-block-size=1048576"
    "memorysetup-temp-allocator-size-main=16777216"
    "memorysetup-job-temp-allocator-block-size=2097152"
    "memorysetup-job-temp-allocator-block-size-background=1048576"
    "memorysetup-job-temp-allocator-reduction-small-platforms=262144"
    "memorysetup-allocator-temp-initial-block-size-main=262144"
    "memorysetup-allocator-temp-initial-block-size-worker=262144"
    "memorysetup-temp-allocator-size-background-worker=32768"
    "memorysetup-temp-allocator-size-job-worker=262144"
    "memorysetup-temp-allocator-size-preload-manager=33554432"
    "memorysetup-temp-allocator-size-nav-mesh-worker=65536"
    "memorysetup-temp-allocator-size-audio-worker=65536"
    "memorysetup-temp-allocator-size-cloud-worker=32768"
    "memorysetup-temp-allocator-size-gi-baking-worker=262144"
    "memorysetup-temp-allocator-size-gi-baking-worker=262144"
    "memorysetup-temp-allocator-size-gi-baking-worker=262144"
    "memorysetup-temp-allocator-size-gi-baking-worker=262144"
    "memorysetup-temp-allocator-size-gi-baking-worker=262144"
    "memorysetup-temp-allocator-size-gfx=262144"
Player connection [27692]  Target information:

Player connection [27692]  * "[IP] 172.27.87.83 [Port] 0 [Flags] 2 [Guid] 2546820508 [EditorId] 2546820508 [Version] 1048832 [Id] WindowsEditor(7,note-hirai) [Debug] 1 [PackageName] WindowsEditor [ProjectName] Editor" 

Player connection [27692]  * "[IP] 172.28.128.1 [Port] 0 [Flags] 2 [Guid] 2546820508 [EditorId] 2546820508 [Version] 1048832 [Id] WindowsEditor(7,note-hirai) [Debug] 1 [PackageName] WindowsEditor [ProjectName] Editor" 

Player connection [27692] Host joined multi-casting on [225.0.0.222:54997]...
Player connection [27692] Host joined alternative multi-casting on [225.0.0.222:34997]...
JobSystem: Creating JobQueue using job-worker-count value 11
[Physics::Module] Initialized fallback backend.
[Physics::Module] Id: 0xdecafbad
Library Redirect Path: Library/
[Physics::Module] Selected backend.
[Physics::Module] Name: PhysX
[Physics::Module] Id: 0xf2b8ea05
[Physics::Module] SDK Version: 4.1.2
[Physics::Module] Integration Version: 1.0.0
[Physics::Module] Threading Mode: Multi-Threaded
Refreshing native plugins compatible for Editor in 6.10 ms, found 4 plugins.
Preloading 0 native plugins for Editor in 0.00 ms.
Initialize engine version: 6000.0.28f1 (f336aca0cab5)
[Subsystems] Discovering subsystems at path C:/Program Files/Unity/Hub/Editor/6000.0.28f1/Editor/Data/Resources/UnitySubsystems
[Subsystems] Discovering subsystems at path D:/home/unity/Match3Puzzle_first/Assets
GfxDevice: creating device client; kGfxThreadingModeNonThreaded
Direct3D:
    Version:  Direct3D 11.0 [level 11.1]
    Renderer: NVIDIA GeForce RTX 3080 Ti Laptop GPU (ID=0x2420)
    Vendor:   NVIDIA
    VRAM:     16175 MB
    Driver:   31.0.15.5186
Initialize mono
Mono path[0] = 'C:/Program Files/Unity/Hub/Editor/6000.0.28f1/Editor/Data/Managed'
Mono path[1] = 'C:/Program Files/Unity/Hub/Editor/6000.0.28f1/Editor/Data/MonoBleedingEdge/lib/mono/unityjit-win32'
Mono config path = 'C:/Program Files/Unity/Hub/Editor/6000.0.28f1/Editor/Data/MonoBleedingEdge/etc'
Using monoOptions --debugger-agent=transport=dt_socket,embedding=1,server=y,suspend=n,address=127.0.0.1:56444
Begin MonoManager ReloadAssembly
Registering precompiled unity dll's ...
Register platform support module: C:/Program Files/Unity/Hub/Editor/6000.0.28f1/Editor/Data/PlaybackEngines/WebGLSupport/UnityEditor.WebGL.Extensions.dll
Register platform support module: C:/Program Files/Unity/Hub/Editor/6000.0.28f1/Editor/Data/PlaybackEngines/WindowsStandaloneSupport/UnityEditor.WindowsStandalone.Extensions.dll
Registered in 0.003650 seconds.
- Loaded All Assemblies, in  0.434 seconds
Native extension for WindowsStandalone target not found
Native extension for WebGL target not found
Mono: successfully reloaded assembly
- Finished resetting the current domain, in  0.389 seconds
Domain Reload Profiling: 821ms
	BeginReloadAssembly (131ms)
		ExecutionOrderSort (0ms)
		DisableScriptedObjects (0ms)
		BackupInstance (0ms)
		ReleaseScriptingObjects (0ms)
		CreateAndSetChildDomain (1ms)
	RebuildCommonClasses (28ms)
	RebuildNativeTypeToScriptingClass (9ms)
	initialDomainReloadingComplete (41ms)
	LoadAllAssembliesAndSetupDomain (221ms)
		LoadAssemblies (129ms)
		RebuildTransferFunctionScriptingTraits (0ms)
		AnalyzeDomain (218ms)
			TypeCache.Refresh (216ms)
				TypeCache.ScanAssembly (200ms)
			BuildScriptInfoCaches (0ms)
			ResolveRequiredComponents (1ms)
	FinalizeReload (389ms)
		ReleaseScriptCaches (0ms)
		RebuildScriptCaches (0ms)
		SetupLoadedEditorAssemblies (329ms)
			LogAssemblyErrors (0ms)
			InitializePlatformSupportModulesInManaged (22ms)
			SetLoadedEditorAssemblies (4ms)
			BeforeProcessingInitializeOnLoad (5ms)
			ProcessInitializeOnLoadAttributes (208ms)
			ProcessInitializeOnLoadMethodAttributes (86ms)
			AfterProcessingInitializeOnLoad (4ms)
			EditorAssembliesLoaded (0ms)
		ExecutionOrderSort2 (0ms)
		AwakeInstancesAfterBackupRestoration (0ms)
========================================================================
Worker process is ready to serve import requests
Import Worker Mode flag is 0x00
Begin MonoManager ReloadAssembly
- Loaded All Assemblies, in  1.363 seconds
Refreshing native plugins compatible for Editor in 2.65 ms, found 4 plugins.
Native extension for WindowsStandalone target not found
Native extension for WebGL target not found
Mono: successfully reloaded assembly
- Finished resetting the current domain, in  1.190 seconds
Domain Reload Profiling: 2550ms
	BeginReloadAssembly (665ms)
		ExecutionOrderSort (0ms)
		DisableScriptedObjects (5ms)
		BackupInstance (0ms)
		ReleaseScriptingObjects (0ms)
		CreateAndSetChildDomain (39ms)
	RebuildCommonClasses (46ms)
	RebuildNativeTypeToScriptingClass (12ms)
	initialDomainReloadingComplete (34ms)
	LoadAllAssembliesAndSetupDomain (601ms)
		LoadAssemblies (430ms)
		RebuildTransferFunctionScriptingTraits (0ms)
		AnalyzeDomain (329ms)
			TypeCache.Refresh (244ms)
				TypeCache.ScanAssembly (227ms)
			BuildScriptInfoCaches (69ms)
			ResolveRequiredComponents (13ms)
	FinalizeReload (1191ms)
		ReleaseScriptCaches (0ms)
		RebuildScriptCaches (0ms)
		SetupLoadedEditorAssemblies (866ms)
			LogAssemblyErrors (0ms)
			InitializePlatformSupportModulesInManaged (4ms)
			SetLoadedEditorAssemblies (4ms)
			BeforeProcessingInitializeOnLoad (86ms)
			ProcessInitializeOnLoadAttributes (579ms)
			ProcessInitializeOnLoadMethodAttributes (178ms)
			AfterProcessingInitializeOnLoad (15ms)
			EditorAssembliesLoaded (0ms)
		ExecutionOrderSort2 (0ms)
		AwakeInstancesAfterBackupRestoration (15ms)
Launched and connected shader compiler UnityShaderCompiler.exe after 0.02 seconds
Refreshing native plugins compatible for Editor in 6.92 ms, found 4 plugins.
Preloading 0 native plugins for Editor in 0.00 ms.
Unloading 206 Unused Serialized files (Serialized files now loaded: 0)
Unloading 6523 unused Assets / (4.5 MB). Loaded Objects now: 7301.
Memory consumption went from 200.3 MB to 195.8 MB.
Total: 16.495800 ms (FindLiveObjects: 0.835500 ms CreateObjectMapping: 0.508900 ms MarkObjects: 11.193200 ms  DeleteObjects: 3.956100 ms)

========================================================================
Received Import Request.
  Time since last request: 2770249.423931 seconds.
  path: Assets/InputSystem_Actions.inputactions
  artifactKey: Guid(2bcd2660ca9b64942af0de543d8d7100) Importer(815301076,1909f56bfc062723c751e8b465ee728b)
Start importing Assets/InputSystem_Actions.inputactions using Guid(2bcd2660ca9b64942af0de543d8d7100) Importer(815301076,1909f56bfc062723c751e8b465ee728b) (PreviewImporter) -> (artifact id: '1526cf67c1d1aaa9a72597cdbc7bb0b0') in 0.0358369 seconds
Number of updated asset objects reloaded before import = 0Number of asset objects unloaded after import = 19

========================================================================
Received Import Request.
  Time since last request: 0.000016 seconds.
  path: Assets/DefaultVolumeProfile.asset
  artifactKey: Guid(3f9215ea0144899419cfbc0957140d3f) Importer(815301076,1909f56bfc062723c751e8b465ee728b)
Start importing Assets/DefaultVolumeProfile.asset using Guid(3f9215ea0144899419cfbc0957140d3f) Importer(815301076,1909f56bfc062723c751e8b465ee728b) (PreviewImporter) -> (artifact id: '1e3ee85287093c2e01e2184a29fd3edf') in 0.0011804 seconds
Number of updated asset objects reloaded before import = 0Number of asset objects unloaded after import = 0

========================================================================
Received Prepare
Refreshing native plugins compatible for Editor in 2.30 ms, found 4 plugins.
Preloading 0 native plugins for Editor in 0.00 ms.
Unloading 13 Unused Serialized files (Serialized files now loaded: 0)
Unloading 6511 unused Assets / (3.7 MB). Loaded Objects now: 7305.
Memory consumption went from 166.5 MB to 162.8 MB.
Total: 54.874900 ms (FindLiveObjects: 3.608900 ms CreateObjectMapping: 1.199900 ms MarkObjects: 47.966600 ms  DeleteObjects: 2.097100 ms)

Prepare: number of updated asset objects reloaded= 0
========================================================================
Received Prepare
Begin MonoManager ReloadAssembly
- Loaded All Assemblies, in  1.127 seconds
Refreshing native plugins compatible for Editor in 1.29 ms, found 4 plugins.
Native extension for WindowsStandalone target not found
Native extension for WebGL target not found
Mono: successfully reloaded assembly
- Finished resetting the current domain, in  0.868 seconds
Domain Reload Profiling: 1995ms
	BeginReloadAssembly (349ms)
		ExecutionOrderSort (0ms)
		DisableScriptedObjects (20ms)
		BackupInstance (0ms)
		ReleaseScriptingObjects (0ms)
		CreateAndSetChildDomain (106ms)
	RebuildCommonClasses (28ms)
	RebuildNativeTypeToScriptingClass (9ms)
	initialDomainReloadingComplete (31ms)
	LoadAllAssembliesAndSetupDomain (709ms)
		LoadAssemblies (642ms)
		RebuildTransferFunctionScriptingTraits (0ms)
		AnalyzeDomain (239ms)
			TypeCache.Refresh (10ms)
				TypeCache.ScanAssembly (0ms)
			BuildScriptInfoCaches (210ms)
			ResolveRequiredComponents (14ms)
	FinalizeReload (868ms)
		ReleaseScriptCaches (0ms)
		RebuildScriptCaches (0ms)
		SetupLoadedEditorAssemblies (525ms)
			LogAssemblyErrors (0ms)
			InitializePlatformSupportModulesInManaged (4ms)
			SetLoadedEditorAssemblies (4ms)
			BeforeProcessingInitializeOnLoad (60ms)
			ProcessInitializeOnLoadAttributes (404ms)
			ProcessInitializeOnLoadMethodAttributes (44ms)
			AfterProcessingInitializeOnLoad (7ms)
			EditorAssembliesLoaded (0ms)
		ExecutionOrderSort2 (0ms)
		AwakeInstancesAfterBackupRestoration (24ms)
Refreshing native plugins compatible for Editor in 1.68 ms, found 4 plugins.
Preloading 0 native plugins for Editor in 0.00 ms.
Unloading 13 Unused Serialized files (Serialized files now loaded: 0)
Unloading 6522 unused Assets / (4.0 MB). Loaded Objects now: 7308.
Memory consumption went from 175.5 MB to 171.4 MB.
Total: 7.046600 ms (FindLiveObjects: 0.505400 ms CreateObjectMapping: 0.456600 ms MarkObjects: 4.505800 ms  DeleteObjects: 1.577900 ms)

Prepare: number of updated asset objects reloaded= 0
========================================================================
Received Prepare
Begin MonoManager ReloadAssembly
- Loaded All Assemblies, in  0.921 seconds
Refreshing native plugins compatible for Editor in 2.65 ms, found 4 plugins.
Native extension for WindowsStandalone target not found
Native extension for WebGL target not found
Mono: successfully reloaded assembly
- Finished resetting the current domain, in  0.991 seconds
Domain Reload Profiling: 1913ms
	BeginReloadAssembly (276ms)
		ExecutionOrderSort (0ms)
		DisableScriptedObjects (12ms)
		BackupInstance (0ms)
		ReleaseScriptingObjects (0ms)
		CreateAndSetChildDomain (60ms)
	RebuildCommonClasses (26ms)
	RebuildNativeTypeToScriptingClass (9ms)
	initialDomainReloadingComplete (22ms)
	LoadAllAssembliesAndSetupDomain (589ms)
		LoadAssemblies (456ms)
		RebuildTransferFunctionScriptingTraits (0ms)
		AnalyzeDomain (279ms)
			TypeCache.Refresh (11ms)
				TypeCache.ScanAssembly (0ms)
			BuildScriptInfoCaches (250ms)
			ResolveRequiredComponents (14ms)
	FinalizeReload (991ms)
		ReleaseScriptCaches (0ms)
		RebuildScriptCaches (0ms)
		SetupLoadedEditorAssemblies (615ms)
			LogAssemblyErrors (0ms)
			InitializePlatformSupportModulesInManaged (4ms)
			SetLoadedEditorAssemblies (4ms)
			BeforeProcessingInitializeOnLoad (95ms)
			ProcessInitializeOnLoadAttributes (429ms)
			ProcessInitializeOnLoadMethodAttributes (69ms)
			AfterProcessingInitializeOnLoad (13ms)
			EditorAssembliesLoaded (0ms)
		ExecutionOrderSort2 (0ms)
		AwakeInstancesAfterBackupRestoration (22ms)
Refreshing native plugins compatible for Editor in 2.64 ms, found 4 plugins.
Preloading 0 native plugins for Editor in 0.00 ms.
Unloading 13 Unused Serialized files (Serialized files now loaded: 0)
Unloading 6522 unused Assets / (3.1 MB). Loaded Objects now: 7310.
Memory consumption went from 175.5 MB to 172.4 MB.
Total: 7.098700 ms (FindLiveObjects: 0.530700 ms CreateObjectMapping: 0.497100 ms MarkObjects: 4.581700 ms  DeleteObjects: 1.486300 ms)

Prepare: number of updated asset objects reloaded= 0
========================================================================
Received Prepare
Begin MonoManager ReloadAssembly
- Loaded All Assemblies, in  0.808 seconds
Refreshing native plugins compatible for Editor in 2.90 ms, found 4 plugins.
Native extension for WindowsStandalone target not found
Native extension for WebGL target not found
Mono: successfully reloaded assembly
- Finished resetting the current domain, in  1.199 seconds
Domain Reload Profiling: 2007ms
	BeginReloadAssembly (252ms)
		ExecutionOrderSort (0ms)
		DisableScriptedObjects (11ms)
		BackupInstance (0ms)
		ReleaseScriptingObjects (0ms)
		CreateAndSetChildDomain (50ms)
	RebuildCommonClasses (48ms)
	RebuildNativeTypeToScriptingClass (17ms)
	initialDomainReloadingComplete (33ms)
	LoadAllAssembliesAndSetupDomain (458ms)
		LoadAssemblies (389ms)
		RebuildTransferFunctionScriptingTraits (0ms)
		AnalyzeDomain (220ms)
			TypeCache.Refresh (6ms)
				TypeCache.ScanAssembly (0ms)
			BuildScriptInfoCaches (204ms)
			ResolveRequiredComponents (7ms)
	FinalizeReload (1199ms)
		ReleaseScriptCaches (0ms)
		RebuildScriptCaches (0ms)
		SetupLoadedEditorAssemblies (789ms)
			LogAssemblyErrors (0ms)
			InitializePlatformSupportModulesInManaged (4ms)
			SetLoadedEditorAssemblies (4ms)
			BeforeProcessingInitializeOnLoad (88ms)
			ProcessInitializeOnLoadAttributes (591ms)
			ProcessInitializeOnLoadMethodAttributes (86ms)
			AfterProcessingInitializeOnLoad (15ms)
			EditorAssembliesLoaded (0ms)
		ExecutionOrderSort2 (0ms)
		AwakeInstancesAfterBackupRestoration (25ms)
Refreshing native plugins compatible for Editor in 3.34 ms, found 4 plugins.
Preloading 0 native plugins for Editor in 0.00 ms.
Unloading 13 Unused Serialized files (Serialized files now loaded: 0)
Unloading 6522 unused Assets / (4.1 MB). Loaded Objects now: 7312.
Memory consumption went from 175.5 MB to 171.4 MB.
Total: 10.765500 ms (FindLiveObjects: 0.961400 ms CreateObjectMapping: 0.615700 ms MarkObjects: 6.801200 ms  DeleteObjects: 2.385600 ms)

Prepare: number of updated asset objects reloaded= 0
========================================================================
Received Import Request.
  Time since last request: 7911.482658 seconds.
  path: Assets/ThemeYoshi/Tiles/GridPalette 3.prefab
  artifactKey: Guid(ea7fd2b70d18c12468ca1e1f793c758c) Importer(815301076,1909f56bfc062723c751e8b465ee728b)
Start importing Assets/ThemeYoshi/Tiles/GridPalette 3.prefab using Guid(ea7fd2b70d18c12468ca1e1f793c758c) Importer(815301076,1909f56bfc062723c751e8b465ee728b) (PreviewImporter) -> (artifact id: '5cf654ff29821a6c18956051bb53298e') in 0.6329983 seconds
Number of updated asset objects reloaded before import = 0Number of asset objects unloaded after import = 10

========================================================================
Received Import Request.
  Time since last request: 561.994055 seconds.
  path: Assets/ThemeYoshi/Tiles/Scavengers_SpriteSheet_0.asset
  artifactKey: Guid(3ffbf0879ddfc864a9c06c6b8e47515f) Importer(815301076,1909f56bfc062723c751e8b465ee728b)
Start importing Assets/ThemeYoshi/Tiles/Scavengers_SpriteSheet_0.asset using Guid(3ffbf0879ddfc864a9c06c6b8e47515f) Importer(815301076,1909f56bfc062723c751e8b465ee728b) (PreviewImporter) -> (artifact id: '29d6eadcbb4afd12a0eb2e31993b463b') in 0.0527515 seconds
Number of updated asset objects reloaded before import = 0Number of asset objects unloaded after import = 3

========================================================================
Received Import Request.
  Time since last request: 0.203979 seconds.
  path: Assets/ThemeYoshi/Tiles/Scavengers_SpriteSheet_3.asset
  artifactKey: Guid(21ed65ed2cd0b974ca35c8cefdbd9fbe) Importer(815301076,1909f56bfc062723c751e8b465ee728b)
Start importing Assets/ThemeYoshi/Tiles/Scavengers_SpriteSheet_3.asset using Guid(21ed65ed2cd0b974ca35c8cefdbd9fbe) Importer(815301076,1909f56bfc062723c751e8b465ee728b) (PreviewImporter) -> (artifact id: '57c181f4bc02c3772f0f0fab1efa7356') in 0.0283447 seconds
Number of updated asset objects reloaded before import = 0Number of asset objects unloaded after import = 3

========================================================================
Received Import Request.
  Time since last request: 0.000031 seconds.
  path: Assets/ThemeYoshi/Tiles/Scavengers_SpriteSheet_6.asset
  artifactKey: Guid(2ddde606eca888b429f9ae359f802422) Importer(815301076,1909f56bfc062723c751e8b465ee728b)
Start importing Assets/ThemeYoshi/Tiles/Scavengers_SpriteSheet_6.asset using Guid(2ddde606eca888b429f9ae359f802422) Importer(815301076,1909f56bfc062723c751e8b465ee728b) (PreviewImporter) -> (artifact id: 'ed59c04fdf3f358c19eafcf106312201') in 0.0079459 seconds
Number of updated asset objects reloaded before import = 0Number of asset objects unloaded after import = 3

========================================================================
Received Import Request.
  Time since last request: 0.000072 seconds.
  path: Assets/ThemeYoshi/Tiles/Scavengers_SpriteSheet_10.asset
  artifactKey: Guid(4a6d9f41f6864d44789254d30609c6d5) Importer(815301076,1909f56bfc062723c751e8b465ee728b)
Start importing Assets/ThemeYoshi/Tiles/Scavengers_SpriteSheet_10.asset using Guid(4a6d9f41f6864d44789254d30609c6d5) Importer(815301076,1909f56bfc062723c751e8b465ee728b) (PreviewImporter) -> (artifact id: '6f3e223e3bc10b022cd8a3f3c425897d') in 0.008248 seconds
Number of updated asset objects reloaded before import = 0Number of asset objects unloaded after import = 3

========================================================================
Received Import Request.
  Time since last request: 0.000024 seconds.
  path: Assets/ThemeYoshi/Tiles/Scavengers_SpriteSheet_14.asset
  artifactKey: Guid(ce88e9da8b0bca64d9bcd96ae8c8f3ac) Importer(815301076,1909f56bfc062723c751e8b465ee728b)
Start importing Assets/ThemeYoshi/Tiles/Scavengers_SpriteSheet_14.asset using Guid(ce88e9da8b0bca64d9bcd96ae8c8f3ac) Importer(815301076,1909f56bfc062723c751e8b465ee728b) (PreviewImporter) -> (artifact id: 'b8bbb06de5b51f6f87b530f77e7f34ce') in 0.0060283 seconds
Number of updated asset objects reloaded before import = 0Number of asset objects unloaded after import = 3

========================================================================
Received Import Request.
  Time since last request: 0.000028 seconds.
  path: Assets/ThemeYoshi/Tiles/Scavengers_SpriteSheet_8.asset
  artifactKey: Guid(89198ddf6e7e4464a91e3db5465df8c7) Importer(815301076,1909f56bfc062723c751e8b465ee728b)
Start importing Assets/ThemeYoshi/Tiles/Scavengers_SpriteSheet_8.asset using Guid(89198ddf6e7e4464a91e3db5465df8c7) Importer(815301076,1909f56bfc062723c751e8b465ee728b) (PreviewImporter) -> (artifact id: 'e3f50370c3b626e38d6585be6a3ee732') in 0.0085278 seconds
Number of updated asset objects reloaded before import = 0Number of asset objects unloaded after import = 3

========================================================================
Received Import Request.
  Time since last request: 0.000048 seconds.
  path: Assets/ThemeYoshi/Tiles/Scavengers_SpriteSheet_44.asset
  artifactKey: Guid(9b7956ecbaf8e3d46b4b4c96292660ce) Importer(815301076,1909f56bfc062723c751e8b465ee728b)
Start importing Assets/ThemeYoshi/Tiles/Scavengers_SpriteSheet_44.asset using Guid(9b7956ecbaf8e3d46b4b4c96292660ce) Importer(815301076,1909f56bfc062723c751e8b465ee728b) (PreviewImporter) -> (artifact id: 'b34244d872099e3ada9de1b608c1633f') in 0.0084002 seconds
Number of updated asset objects reloaded before import = 0Number of asset objects unloaded after import = 3

========================================================================
Received Import Request.
  Time since last request: 0.000041 seconds.
  path: Assets/ThemeYoshi/Tiles/Scavengers_SpriteSheet_54.asset
  artifactKey: Guid(9fe4194aaaee82641bffb12fb5d84cd0) Importer(815301076,1909f56bfc062723c751e8b465ee728b)
Start importing Assets/ThemeYoshi/Tiles/Scavengers_SpriteSheet_54.asset using Guid(9fe4194aaaee82641bffb12fb5d84cd0) Importer(815301076,1909f56bfc062723c751e8b465ee728b) (PreviewImporter) -> (artifact id: 'c36204c1fc06e9931561c050ed0dc454') in 0.0091882 seconds
Number of updated asset objects reloaded before import = 0Number of asset objects unloaded after import = 3

========================================================================
Received Import Request.
  Time since last request: 0.000053 seconds.
  path: Assets/ThemeYoshi/Tiles/Scavengers_SpriteSheet_16.asset
  artifactKey: Guid(b6585d9b7cf0f3b4baf8cc163ca372e0) Importer(815301076,1909f56bfc062723c751e8b465ee728b)
Start importing Assets/ThemeYoshi/Tiles/Scavengers_SpriteSheet_16.asset using Guid(b6585d9b7cf0f3b4baf8cc163ca372e0) Importer(815301076,1909f56bfc062723c751e8b465ee728b) (PreviewImporter) -> (artifact id: '1d926bb4542898398acae2a242472408') in 0.0078473 seconds
Number of updated asset objects reloaded before import = 0Number of asset objects unloaded after import = 3

========================================================================
Received Import Request.
  Time since last request: 0.000028 seconds.
  path: Assets/ThemeYoshi/Tiles/Scavengers_SpriteSheet_9.asset
  artifactKey: Guid(a466fc42f0d6f8e4b809a359c25c354e) Importer(815301076,1909f56bfc062723c751e8b465ee728b)
Start importing Assets/ThemeYoshi/Tiles/Scavengers_SpriteSheet_9.asset using Guid(a466fc42f0d6f8e4b809a359c25c354e) Importer(815301076,1909f56bfc062723c751e8b465ee728b) (PreviewImporter) -> (artifact id: '1e30144631454a96a7517600665bd2d8') in 0.0076216 seconds
Number of updated asset objects reloaded before import = 0Number of asset objects unloaded after import = 3

========================================================================
Received Import Request.
  Time since last request: 0.000026 seconds.
  path: Assets/ThemeYoshi/Tiles/Scavengers_SpriteSheet_21.asset
  artifactKey: Guid(d66c928eb6ef8b9488f30a5206d28313) Importer(815301076,1909f56bfc062723c751e8b465ee728b)
Start importing Assets/ThemeYoshi/Tiles/Scavengers_SpriteSheet_21.asset using Guid(d66c928eb6ef8b9488f30a5206d28313) Importer(815301076,1909f56bfc062723c751e8b465ee728b) (PreviewImporter) -> (artifact id: 'e7c945b957e3790b006aa45c839cc24e') in 0.0083663 seconds
Number of updated asset objects reloaded before import = 0Number of asset objects unloaded after import = 3

========================================================================
Received Import Request.
  Time since last request: 0.000026 seconds.
  path: Assets/ThemeYoshi/Tiles/Scavengers_SpriteSheet_18.asset
  artifactKey: Guid(4361a3cf1149bc14b9e824f9e42e6f7d) Importer(815301076,1909f56bfc062723c751e8b465ee728b)
Start importing Assets/ThemeYoshi/Tiles/Scavengers_SpriteSheet_18.asset using Guid(4361a3cf1149bc14b9e824f9e42e6f7d) Importer(815301076,1909f56bfc062723c751e8b465ee728b) (PreviewImporter) -> (artifact id: '08e0e88ee6133a167f876b050d98caf9') in 0.0115156 seconds
Number of updated asset objects reloaded before import = 0Number of asset objects unloaded after import = 3

========================================================================
Received Import Request.
  Time since last request: 0.000034 seconds.
  path: Assets/ThemeYoshi/Tiles/Scavengers_SpriteSheet_4.asset
  artifactKey: Guid(fc07c65461aa26347b1de24cf39d70f6) Importer(815301076,1909f56bfc062723c751e8b465ee728b)
Start importing Assets/ThemeYoshi/Tiles/Scavengers_SpriteSheet_4.asset using Guid(fc07c65461aa26347b1de24cf39d70f6) Importer(815301076,1909f56bfc062723c751e8b465ee728b) (PreviewImporter) -> (artifact id: '5c90a968b1d59bdfdae54700574ccb47') in 0.0071666 seconds
Number of updated asset objects reloaded before import = 0Number of asset objects unloaded after import = 3

========================================================================
Received Import Request.
  Time since last request: 0.000044 seconds.
  path: Assets/ThemeYoshi/Tiles/Scavengers_SpriteSheet_31.asset
  artifactKey: Guid(6cba3940c433425478395c55e3653071) Importer(815301076,1909f56bfc062723c751e8b465ee728b)
Start importing Assets/ThemeYoshi/Tiles/Scavengers_SpriteSheet_31.asset using Guid(6cba3940c433425478395c55e3653071) Importer(815301076,1909f56bfc062723c751e8b465ee728b) (PreviewImporter) -> (artifact id: 'cc61a73cdd3a6e1bb7193b236b595900') in 0.0084325 seconds
Number of updated asset objects reloaded before import = 0Number of asset objects unloaded after import = 3

========================================================================
Received Import Request.
  Time since last request: 0.000035 seconds.
  path: Assets/ThemeYoshi/Tiles/Scavengers_SpriteSheet_23.asset
  artifactKey: Guid(35b3d3dc637156943811d46a48a62769) Importer(815301076,1909f56bfc062723c751e8b465ee728b)
Start importing Assets/ThemeYoshi/Tiles/Scavengers_SpriteSheet_23.asset using Guid(35b3d3dc637156943811d46a48a62769) Importer(815301076,1909f56bfc062723c751e8b465ee728b) (PreviewImporter) -> (artifact id: '9b8511d8e91963f62f2a4d57d4963c81') in 0.0075131 seconds
Number of updated asset objects reloaded before import = 0Number of asset objects unloaded after import = 3

========================================================================
Received Import Request.
  Time since last request: 0.000026 seconds.
  path: Assets/ThemeYoshi/Tiles/Scavengers_SpriteSheet_27.asset
  artifactKey: Guid(c6f2a7f7f5d1f2841b7d10e95e94f567) Importer(815301076,1909f56bfc062723c751e8b465ee728b)
Start importing Assets/ThemeYoshi/Tiles/Scavengers_SpriteSheet_27.asset using Guid(c6f2a7f7f5d1f2841b7d10e95e94f567) Importer(815301076,1909f56bfc062723c751e8b465ee728b) (PreviewImporter) -> (artifact id: '5fd4e40e3cac70f3027000e8f1d6f0cf') in 0.0097828 seconds
Number of updated asset objects reloaded before import = 0Number of asset objects unloaded after import = 3

========================================================================
Received Import Request.
  Time since last request: 0.000082 seconds.
  path: Assets/ThemeYoshi/Tiles/Scavengers_SpriteSheet_29.asset
  artifactKey: Guid(a00a2bfaf127b72408c89983e5ebc855) Importer(815301076,1909f56bfc062723c751e8b465ee728b)
Start importing Assets/ThemeYoshi/Tiles/Scavengers_SpriteSheet_29.asset using Guid(a00a2bfaf127b72408c89983e5ebc855) Importer(815301076,1909f56bfc062723c751e8b465ee728b) (PreviewImporter) -> (artifact id: '6365f44c6a7e7304ccf45a050397979c') in 0.0087097 seconds
Number of updated asset objects reloaded before import = 0Number of asset objects unloaded after import = 3

========================================================================
Received Import Request.
  Time since last request: 0.000037 seconds.
  path: Assets/ThemeYoshi/Tiles/Scavengers_SpriteSheet_7.asset
  artifactKey: Guid(cc392de4be9ef6c4fa84ea00a736d1a0) Importer(815301076,1909f56bfc062723c751e8b465ee728b)
Start importing Assets/ThemeYoshi/Tiles/Scavengers_SpriteSheet_7.asset using Guid(cc392de4be9ef6c4fa84ea00a736d1a0) Importer(815301076,1909f56bfc062723c751e8b465ee728b) (PreviewImporter) -> (artifact id: '51c33184edcfb50511a068a452a3de53') in 0.0087177 seconds
Number of updated asset objects reloaded before import = 0Number of asset objects unloaded after import = 3

========================================================================
Received Import Request.
  Time since last request: 0.000046 seconds.
  path: Assets/ThemeYoshi/Tiles/Scavengers_SpriteSheet_52.asset
  artifactKey: Guid(2c631230ad62cb64eb4729e839ca8d04) Importer(815301076,1909f56bfc062723c751e8b465ee728b)
Start importing Assets/ThemeYoshi/Tiles/Scavengers_SpriteSheet_52.asset using Guid(2c631230ad62cb64eb4729e839ca8d04) Importer(815301076,1909f56bfc062723c751e8b465ee728b) (PreviewImporter) -> (artifact id: '8024ce6a8b5d9ba3aaf8774d1f296f40') in 0.0094208 seconds
Number of updated asset objects reloaded before import = 0Number of asset objects unloaded after import = 3

========================================================================
Received Import Request.
  Time since last request: 0.000032 seconds.
  path: Assets/ThemeYoshi/Tiles/Scavengers_SpriteSheet_11.asset
  artifactKey: Guid(ecd8733641210ea45b0ef800205f33e5) Importer(815301076,1909f56bfc062723c751e8b465ee728b)
Start importing Assets/ThemeYoshi/Tiles/Scavengers_SpriteSheet_11.asset using Guid(ecd8733641210ea45b0ef800205f33e5) Importer(815301076,1909f56bfc062723c751e8b465ee728b) (PreviewImporter) -> (artifact id: 'b186948bb5f9acc75ba994feb125e8f3') in 0.0082686 seconds
Number of updated asset objects reloaded before import = 0Number of asset objects unloaded after import = 3

========================================================================
Received Import Request.
  Time since last request: 0.000028 seconds.
  path: Assets/ThemeYoshi/Tiles/Scavengers_SpriteSheet_47.asset
  artifactKey: Guid(7bb01f70333272040adf6045a361f46b) Importer(815301076,1909f56bfc062723c751e8b465ee728b)
Start importing Assets/ThemeYoshi/Tiles/Scavengers_SpriteSheet_47.asset using Guid(7bb01f70333272040adf6045a361f46b) Importer(815301076,1909f56bfc062723c751e8b465ee728b) (PreviewImporter) -> (artifact id: '3cd94b0d4d2f3b294275261f30720b62') in 0.0080205 seconds
Number of updated asset objects reloaded before import = 0Number of asset objects unloaded after import = 3

========================================================================
Received Import Request.
  Time since last request: 0.000027 seconds.
  path: Assets/ThemeYoshi/Tiles/Scavengers_SpriteSheet_53.asset
  artifactKey: Guid(608f1303e02436944b303bc8a126b7bd) Importer(815301076,1909f56bfc062723c751e8b465ee728b)
Start importing Assets/ThemeYoshi/Tiles/Scavengers_SpriteSheet_53.asset using Guid(608f1303e02436944b303bc8a126b7bd) Importer(815301076,1909f56bfc062723c751e8b465ee728b) (PreviewImporter) -> (artifact id: 'fb80bf5bf7302efe6232e115bfa0f07e') in 0.0086998 seconds
Number of updated asset objects reloaded before import = 0Number of asset objects unloaded after import = 3

========================================================================
Received Import Request.
  Time since last request: 0.000030 seconds.
  path: Assets/ThemeYoshi/Tiles/Scavengers_SpriteSheet_2.asset
  artifactKey: Guid(fcf6d65a0f25b114fb79f2585d5d58d7) Importer(815301076,1909f56bfc062723c751e8b465ee728b)
Start importing Assets/ThemeYoshi/Tiles/Scavengers_SpriteSheet_2.asset using Guid(fcf6d65a0f25b114fb79f2585d5d58d7) Importer(815301076,1909f56bfc062723c751e8b465ee728b) (PreviewImporter) -> (artifact id: '6055b34fa50414cfb8ef9f4b23f28a4f') in 0.0079159 seconds
Number of updated asset objects reloaded before import = 0Number of asset objects unloaded after import = 3

========================================================================
Received Import Request.
  Time since last request: 0.000041 seconds.
  path: Assets/ThemeYoshi/Tiles/Scavengers_SpriteSheet_43.asset
  artifactKey: Guid(9f4773c27d2772b48b5c14887edbde09) Importer(815301076,1909f56bfc062723c751e8b465ee728b)
Start importing Assets/ThemeYoshi/Tiles/Scavengers_SpriteSheet_43.asset using Guid(9f4773c27d2772b48b5c14887edbde09) Importer(815301076,1909f56bfc062723c751e8b465ee728b) (PreviewImporter) -> (artifact id: '5e63ccfb94df9dce697aaa9c45f5fea1') in 0.0080612 seconds
Number of updated asset objects reloaded before import = 0Number of asset objects unloaded after import = 3

========================================================================
Received Import Request.
  Time since last request: 0.000026 seconds.
  path: Assets/ThemeYoshi/Tiles/Scavengers_SpriteSheet_34.asset
  artifactKey: Guid(59aee297f99b98246a8a079c636c3e7d) Importer(815301076,1909f56bfc062723c751e8b465ee728b)
Start importing Assets/ThemeYoshi/Tiles/Scavengers_SpriteSheet_34.asset using Guid(59aee297f99b98246a8a079c636c3e7d) Importer(815301076,1909f56bfc062723c751e8b465ee728b) (PreviewImporter) -> (artifact id: '5eb2afce2443481b4beb08d793efa2f5') in 0.0081827 seconds
Number of updated asset objects reloaded before import = 0Number of asset objects unloaded after import = 3

========================================================================
Received Import Request.
  Time since last request: 0.000027 seconds.
  path: Assets/ThemeYoshi/Tiles/Scavengers_SpriteSheet_51.asset
  artifactKey: Guid(964f821cb9ca53a45824f2198c9a9279) Importer(815301076,1909f56bfc062723c751e8b465ee728b)
Start importing Assets/ThemeYoshi/Tiles/Scavengers_SpriteSheet_51.asset using Guid(964f821cb9ca53a45824f2198c9a9279) Importer(815301076,1909f56bfc062723c751e8b465ee728b) (PreviewImporter) -> (artifact id: '9a6eb6b32c77540ba4a4a74aae367a86') in 0.0092427 seconds
Number of updated asset objects reloaded before import = 0Number of asset objects unloaded after import = 3

========================================================================
Received Import Request.
  Time since last request: 0.000029 seconds.
  path: Assets/ThemeYoshi/Tiles/Scavengers_SpriteSheet_19.asset
  artifactKey: Guid(e9cadb0760938b14281d3ba5ec02b69f) Importer(815301076,1909f56bfc062723c751e8b465ee728b)
Start importing Assets/ThemeYoshi/Tiles/Scavengers_SpriteSheet_19.asset using Guid(e9cadb0760938b14281d3ba5ec02b69f) Importer(815301076,1909f56bfc062723c751e8b465ee728b) (PreviewImporter) -> (artifact id: '1bdf4b91ebaef63692a0aa905dd3a879') in 0.0081825 seconds
Number of updated asset objects reloaded before import = 0Number of asset objects unloaded after import = 3

========================================================================
Received Import Request.
  Time since last request: 0.000032 seconds.
  path: Assets/ThemeYoshi/Tiles/Scavengers_SpriteSheet_22.asset
  artifactKey: Guid(2a7022884d92ed8498f251d2e0a7ced4) Importer(815301076,1909f56bfc062723c751e8b465ee728b)
Start importing Assets/ThemeYoshi/Tiles/Scavengers_SpriteSheet_22.asset using Guid(2a7022884d92ed8498f251d2e0a7ced4) Importer(815301076,1909f56bfc062723c751e8b465ee728b) (PreviewImporter) -> (artifact id: '85f9bff656dfb99e503505fdc6286380') in 0.0076881 seconds
Number of updated asset objects reloaded before import = 0Number of asset objects unloaded after import = 3

========================================================================
Received Import Request.
  Time since last request: 0.000049 seconds.
  path: Assets/ThemeYoshi/Tiles/Scavengers_SpriteSheet_46.asset
  artifactKey: Guid(77a58cc0532642747bcb0d03936bcfe7) Importer(815301076,1909f56bfc062723c751e8b465ee728b)
Start importing Assets/ThemeYoshi/Tiles/Scavengers_SpriteSheet_46.asset using Guid(77a58cc0532642747bcb0d03936bcfe7) Importer(815301076,1909f56bfc062723c751e8b465ee728b) (PreviewImporter) -> (artifact id: 'dc2b25cd6437d6296e2adbaa2bd4efb1') in 0.0083197 seconds
Number of updated asset objects reloaded before import = 0Number of asset objects unloaded after import = 3

Editor requested this worker to shutdown with reason: Scaling down because of idle timeout
AssetImportWorker is now disconnected from the server
Process exiting
Exiting without the bug reporter. Application will terminate with return code 0